[debug] [2021-10-21T07:08:10.744Z] ----------------------------------------------------------------------
[debug] [2021-10-21T07:08:10.749Z] Command:       C:\Program Files\nodejs\node.exe C:\Users\wes-h\AppData\Roaming\npm\node_modules\firebase-tools\lib\bin\firebase.js deploy
[debug] [2021-10-21T07:08:10.750Z] CLI Version:   9.20.0
[debug] [2021-10-21T07:08:10.750Z] Platform:      win32
[debug] [2021-10-21T07:08:10.750Z] Node Version:  v12.16.1
[debug] [2021-10-21T07:08:10.752Z] Time:          Thu Oct 21 2021 02:08:10 GMT-0500 (Central Daylight Time)
[debug] [2021-10-21T07:08:10.752Z] ----------------------------------------------------------------------
[debug] 
[debug] [2021-10-21T07:08:10.839Z] > command requires scopes: ["email","openid","https://www.googleapis.com/auth/cloudplatformprojects.readonly","https://www.googleapis.com/auth/firebase","https://www.googleapis.com/auth/cloud-platform"]
[debug] [2021-10-21T07:08:10.839Z] > authorizing via signed-in user (wespipkin@gmail.com)
[debug] [2021-10-21T07:08:10.840Z] [iam] checking project wesportfolio for permissions ["cloudfunctions.functions.create","cloudfunctions.functions.delete","cloudfunctions.functions.get","cloudfunctions.functions.list","cloudfunctions.functions.update","cloudfunctions.operations.get","firebase.projects.get"]
[debug] [2021-10-21T07:08:10.843Z] >>> HTTP REQUEST POST https://cloudresourcemanager.googleapis.com/v1/projects/wesportfolio:testIamPermissions  
 {"permissions":["cloudfunctions.functions.create","cloudfunctions.functions.delete","cloudfunctions.functions.get","cloudfunctions.functions.list","cloudfunctions.functions.update","cloudfunctions.operations.get","firebase.projects.get"]}
[debug] [2021-10-21T07:08:11.023Z] <<< HTTP RESPONSE 200 {"content-type":"application/json; charset=UTF-8","vary":"X-Origin, Referer, Origin,Accept-Encoding","date":"Thu, 21 Oct 2021 07:08:11 GMT","server":"ESF","cache-control":"private","x-xss-protection":"0","x-frame-options":"SAMEORIGIN","x-content-type-options":"nosniff","server-timing":"gfet4t7; dur=69","alt-svc":"h3=\":443\"; ma=2592000,h3-29=\":443\"; ma=2592000,h3-Q050=\":443\"; ma=2592000,h3-Q046=\":443\"; ma=2592000,h3-Q043=\":443\"; ma=2592000","accept-ranges":"none","transfer-encoding":"chunked"}
[debug] [2021-10-21T07:08:11.025Z] >>> HTTP REQUEST POST https://iam.googleapis.com/v1/projects/wesportfolio/serviceAccounts/wesportfolio@appspot.gserviceaccount.com:testIamPermissions  
 {"permissions":["iam.serviceAccounts.actAs"]}
[debug] [2021-10-21T07:08:11.171Z] <<< HTTP RESPONSE 200 {"content-type":"application/json; charset=UTF-8","vary":"X-Origin, Referer, Origin,Accept-Encoding","date":"Thu, 21 Oct 2021 07:08:11 GMT","server":"ESF","cache-control":"private","x-xss-protection":"0","x-frame-options":"SAMEORIGIN","x-content-type-options":"nosniff","alt-svc":"h3=\":443\"; ma=2592000,h3-29=\":443\"; ma=2592000,h3-T051=\":443\"; ma=2592000,h3-Q050=\":443\"; ma=2592000,h3-Q046=\":443\"; ma=2592000,h3-Q043=\":443\"; ma=2592000,quic=\":443\"; ma=2592000; v=\"46,43\"","accept-ranges":"none","transfer-encoding":"chunked"}
[info] 
[info] === Deploying to 'wesportfolio'...
[info] 
[info] i  deploying functions 
[debug] [2021-10-21T07:08:40.341Z] ----------------------------------------------------------------------
[debug] [2021-10-21T07:08:40.346Z] Command:       C:\Program Files\nodejs\node.exe C:\Users\wes-h\AppData\Roaming\npm\node_modules\firebase-tools\lib\bin\firebase.js deploy
[debug] [2021-10-21T07:08:40.347Z] CLI Version:   9.20.0
[debug] [2021-10-21T07:08:40.347Z] Platform:      win32
[debug] [2021-10-21T07:08:40.347Z] Node Version:  v12.16.1
[debug] [2021-10-21T07:08:40.349Z] Time:          Thu Oct 21 2021 02:08:40 GMT-0500 (Central Daylight Time)
[debug] [2021-10-21T07:08:40.349Z] ----------------------------------------------------------------------
[debug] 
[debug] [2021-10-21T07:08:40.455Z] > command requires scopes: ["email","openid","https://www.googleapis.com/auth/cloudplatformprojects.readonly","https://www.googleapis.com/auth/firebase","https://www.googleapis.com/auth/cloud-platform"]
[debug] [2021-10-21T07:08:40.456Z] > authorizing via signed-in user (wespipkin@gmail.com)
[debug] [2021-10-21T07:08:40.456Z] [iam] checking project wesportfolio for permissions ["cloudfunctions.functions.create","cloudfunctions.functions.delete","cloudfunctions.functions.get","cloudfunctions.functions.list","cloudfunctions.functions.update","cloudfunctions.operations.get","firebase.projects.get"]
[debug] [2021-10-21T07:08:40.460Z] >>> HTTP REQUEST POST https://cloudresourcemanager.googleapis.com/v1/projects/wesportfolio:testIamPermissions  
 {"permissions":["cloudfunctions.functions.create","cloudfunctions.functions.delete","cloudfunctions.functions.get","cloudfunctions.functions.list","cloudfunctions.functions.update","cloudfunctions.operations.get","firebase.projects.get"]}
[debug] [2021-10-21T07:08:40.628Z] <<< HTTP RESPONSE 200 {"content-type":"application/json; charset=UTF-8","vary":"X-Origin, Referer, Origin,Accept-Encoding","date":"Thu, 21 Oct 2021 07:08:41 GMT","server":"ESF","cache-control":"private","x-xss-protection":"0","x-frame-options":"SAMEORIGIN","x-content-type-options":"nosniff","server-timing":"gfet4t7; dur=67","alt-svc":"h3=\":443\"; ma=2592000,h3-29=\":443\"; ma=2592000,h3-Q050=\":443\"; ma=2592000,h3-Q046=\":443\"; ma=2592000,h3-Q043=\":443\"; ma=2592000","accept-ranges":"none","transfer-encoding":"chunked"}
[debug] [2021-10-21T07:08:40.630Z] >>> HTTP REQUEST POST https://iam.googleapis.com/v1/projects/wesportfolio/serviceAccounts/wesportfolio@appspot.gserviceaccount.com:testIamPermissions  
 {"permissions":["iam.serviceAccounts.actAs"]}
[debug] [2021-10-21T07:08:40.746Z] <<< HTTP RESPONSE 200 {"content-type":"application/json; charset=UTF-8","vary":"X-Origin, Referer, Origin,Accept-Encoding","date":"Thu, 21 Oct 2021 07:08:41 GMT","server":"ESF","cache-control":"private","x-xss-protection":"0","x-frame-options":"SAMEORIGIN","x-content-type-options":"nosniff","alt-svc":"h3=\":443\"; ma=2592000,h3-29=\":443\"; ma=2592000,h3-T051=\":443\"; ma=2592000,h3-Q050=\":443\"; ma=2592000,h3-Q046=\":443\"; ma=2592000,h3-Q043=\":443\"; ma=2592000,quic=\":443\"; ma=2592000; v=\"46,43\"","accept-ranges":"none","transfer-encoding":"chunked"}
[info] 
[info] === Deploying to 'wesportfolio'...
[info] 
[info] i  deploying functions 
[debug] [2021-10-21T07:08:40.756Z] Validating nodejs source
[debug] [2021-10-21T07:08:45.465Z] > [functions] package.json contents: {
  "name": "functions",
  "description": "Cloud Functions for Firebase",
  "scripts": {
    "serve": "firebase emulators:start --only functions",
    "shell": "firebase functions:shell",
    "start": "npm run shell",
    "deploy": "firebase deploy --only functions",
    "logs": "firebase functions:log"
  },
  "engines": {
    "node": "14"
  },
  "main": "index.js",
  "dependencies": {
    "cors": "^2.8.5",
    "firebase-admin": "^9.8.0",
    "firebase-functions": "^3.14.1",
    "nodemailer": "^6.7.0"
  },
  "devDependencies": {
    "firebase-functions-test": "^0.2.0"
  },
  "private": true
}
[debug] [2021-10-21T07:08:45.465Z] Building nodejs source
[info] i  functions: ensuring required API cloudfunctions.googleapis.com is enabled... 
[info] i  functions: ensuring required API cloudbuild.googleapis.com is enabled... 
[debug] [2021-10-21T07:08:45.469Z] >>> HTTP REQUEST GET https://serviceusage.googleapis.com/v1/projects/wesportfolio/services/cloudfunctions.googleapis.com  
 
[debug] [2021-10-21T07:08:45.470Z] >>> HTTP REQUEST GET https://serviceusage.googleapis.com/v1/projects/wesportfolio/services/runtimeconfig.googleapis.com  
 
[debug] [2021-10-21T07:08:45.471Z] >>> HTTP REQUEST GET https://serviceusage.googleapis.com/v1/projects/wesportfolio/services/cloudbuild.googleapis.com  
 
[debug] [2021-10-21T07:08:45.723Z] <<< HTTP RESPONSE 200 {"content-type":"application/json; charset=UTF-8","vary":"X-Origin, Referer, Origin,Accept-Encoding","date":"Thu, 21 Oct 2021 07:08:46 GMT","server":"ESF","cache-control":"private","x-xss-protection":"0","x-frame-options":"SAMEORIGIN","x-content-type-options":"nosniff","alt-svc":"h3=\":443\"; ma=2592000,h3-29=\":443\"; ma=2592000,h3-T051=\":443\"; ma=2592000,h3-Q050=\":443\"; ma=2592000,h3-Q046=\":443\"; ma=2592000,h3-Q043=\":443\"; ma=2592000,quic=\":443\"; ma=2592000; v=\"46,43\"","accept-ranges":"none","transfer-encoding":"chunked"}
[debug] [2021-10-21T07:08:45.756Z] <<< HTTP RESPONSE 200 {"content-type":"application/json; charset=UTF-8","vary":"X-Origin, Referer, Origin,Accept-Encoding","date":"Thu, 21 Oct 2021 07:08:46 GMT","server":"ESF","cache-control":"private","x-xss-protection":"0","x-frame-options":"SAMEORIGIN","x-content-type-options":"nosniff","alt-svc":"h3=\":443\"; ma=2592000,h3-29=\":443\"; ma=2592000,h3-T051=\":443\"; ma=2592000,h3-Q050=\":443\"; ma=2592000,h3-Q046=\":443\"; ma=2592000,h3-Q043=\":443\"; ma=2592000,quic=\":443\"; ma=2592000; v=\"46,43\"","accept-ranges":"none","transfer-encoding":"chunked"}
[info] +  functions: required API cloudbuild.googleapis.com is enabled 
[debug] [2021-10-21T07:08:45.761Z] <<< HTTP RESPONSE 200 {"content-type":"application/json; charset=UTF-8","vary":"X-Origin, Referer, Origin,Accept-Encoding","date":"Thu, 21 Oct 2021 07:08:46 GMT","server":"ESF","cache-control":"private","x-xss-protection":"0","x-frame-options":"SAMEORIGIN","x-content-type-options":"nosniff","alt-svc":"h3=\":443\"; ma=2592000,h3-29=\":443\"; ma=2592000,h3-T051=\":443\"; ma=2592000,h3-Q050=\":443\"; ma=2592000,h3-Q046=\":443\"; ma=2592000,h3-Q043=\":443\"; ma=2592000,quic=\":443\"; ma=2592000; v=\"46,43\"","accept-ranges":"none","transfer-encoding":"chunked"}
[info] +  functions: required API cloudfunctions.googleapis.com is enabled 
[debug] [2021-10-21T07:08:45.763Z] >>> HTTP REQUEST GET https://firebase.googleapis.com/v1beta1/projects/wesportfolio/adminSdkConfig  
 
[debug] [2021-10-21T07:08:45.993Z] <<< HTTP RESPONSE 200 {"content-type":"application/json; charset=UTF-8","vary":"X-Origin, Referer, Origin,Accept-Encoding","date":"Thu, 21 Oct 2021 07:08:46 GMT","server":"ESF","cache-control":"private","x-xss-protection":"0","x-frame-options":"SAMEORIGIN","x-content-type-options":"nosniff","alt-svc":"h3=\":443\"; ma=2592000,h3-29=\":443\"; ma=2592000,h3-T051=\":443\"; ma=2592000,h3-Q050=\":443\"; ma=2592000,h3-Q046=\":443\"; ma=2592000,h3-Q043=\":443\"; ma=2592000,quic=\":443\"; ma=2592000; v=\"46,43\"","accept-ranges":"none","transfer-encoding":"chunked"}
[debug] [2021-10-21T07:08:45.995Z] >>> HTTP REQUEST GET https://runtimeconfig.googleapis.com/v1beta1/projects/wesportfolio/configs  
 
[debug] [2021-10-21T07:08:46.117Z] <<< HTTP RESPONSE 200 {"content-type":"application/json; charset=UTF-8","vary":"X-Origin, Referer, Origin,Accept-Encoding","date":"Thu, 21 Oct 2021 07:08:46 GMT","server":"ESF","cache-control":"private","x-xss-protection":"0","x-frame-options":"SAMEORIGIN","x-content-type-options":"nosniff","alt-svc":"h3=\":443\"; ma=2592000,h3-29=\":443\"; ma=2592000,h3-Q050=\":443\"; ma=2592000,h3-Q046=\":443\"; ma=2592000,h3-Q043=\":443\"; ma=2592000","accept-ranges":"none","transfer-encoding":"chunked"}
[debug] [2021-10-21T07:08:46.119Z] >>> HTTP REQUEST GET https://runtimeconfig.googleapis.com/v1beta1/projects/wesportfolio/configs/gmail/variables  
 
[debug] [2021-10-21T07:08:46.434Z] <<< HTTP RESPONSE 200 {"content-type":"application/json; charset=UTF-8","vary":"X-Origin, Referer, Origin,Accept-Encoding","date":"Thu, 21 Oct 2021 07:08:47 GMT","server":"ESF","cache-control":"private","x-xss-protection":"0","x-frame-options":"SAMEORIGIN","x-content-type-options":"nosniff","alt-svc":"h3=\":443\"; ma=2592000,h3-29=\":443\"; ma=2592000,h3-Q050=\":443\"; ma=2592000,h3-Q046=\":443\"; ma=2592000,h3-Q043=\":443\"; ma=2592000","accept-ranges":"none","transfer-encoding":"chunked"}
[debug] [2021-10-21T07:08:46.436Z] >>> HTTP REQUEST GET https://runtimeconfig.googleapis.com/v1beta1/projects/wesportfolio/configs/gmail/variables/login  
 
[debug] [2021-10-21T07:08:46.436Z] >>> HTTP REQUEST GET https://runtimeconfig.googleapis.com/v1beta1/projects/wesportfolio/configs/gmail/variables/pass  
 
[debug] [2021-10-21T07:08:46.585Z] <<< HTTP RESPONSE 200 {"content-type":"application/json; charset=UTF-8","vary":"X-Origin, Referer, Origin,Accept-Encoding","date":"Thu, 21 Oct 2021 07:08:47 GMT","server":"ESF","cache-control":"private","x-xss-protection":"0","x-frame-options":"SAMEORIGIN","x-content-type-options":"nosniff","alt-svc":"h3=\":443\"; ma=2592000,h3-29=\":443\"; ma=2592000,h3-Q050=\":443\"; ma=2592000,h3-Q046=\":443\"; ma=2592000,h3-Q043=\":443\"; ma=2592000","accept-ranges":"none","transfer-encoding":"chunked"}
[debug] [2021-10-21T07:08:46.641Z] <<< HTTP RESPONSE 200 {"content-type":"application/json; charset=UTF-8","vary":"X-Origin, Referer, Origin,Accept-Encoding","date":"Thu, 21 Oct 2021 07:08:47 GMT","server":"ESF","cache-control":"private","x-xss-protection":"0","x-frame-options":"SAMEORIGIN","x-content-type-options":"nosniff","alt-svc":"h3=\":443\"; ma=2592000,h3-29=\":443\"; ma=2592000,h3-Q050=\":443\"; ma=2592000,h3-Q046=\":443\"; ma=2592000,h3-Q043=\":443\"; ma=2592000","accept-ranges":"none","transfer-encoding":"chunked"}
[debug] [2021-10-21T07:08:46.645Z] Analyzing nodejs backend spec
[info] i  functions: preparing functions directory for uploading... 
[info] i  functions: packaged functions (26.13 KB) for uploading 
[debug] [2021-10-21T07:08:47.041Z] >>> HTTP REQUEST GET https://cloudfunctions.googleapis.com/v1/projects/wesportfolio/locations/-/functions  
 
[debug] [2021-10-21T07:08:47.561Z] <<< HTTP RESPONSE 200 {"content-type":"application/json; charset=UTF-8","vary":"X-Origin, Referer, Origin,Accept-Encoding","date":"Thu, 21 Oct 2021 07:08:48 GMT","server":"ESF","cache-control":"private","x-xss-protection":"0","x-frame-options":"SAMEORIGIN","x-content-type-options":"nosniff","alt-svc":"h3=\":443\"; ma=2592000,h3-29=\":443\"; ma=2592000,h3-Q050=\":443\"; ma=2592000,h3-Q046=\":443\"; ma=2592000,h3-Q043=\":443\"; ma=2592000","accept-ranges":"none","transfer-encoding":"chunked"}
[debug] [2021-10-21T07:08:47.565Z] >>> HTTP REQUEST POST https://cloudfunctions.googleapis.com/v1/projects/wesportfolio/locations/us-central1/functions:generateUploadUrl  
 
[debug] [2021-10-21T07:08:48.027Z] <<< HTTP RESPONSE 200 {"content-type":"application/json; charset=UTF-8","vary":"X-Origin, Referer, Origin,Accept-Encoding","date":"Thu, 21 Oct 2021 07:08:48 GMT","server":"ESF","cache-control":"private","x-xss-protection":"0","x-frame-options":"SAMEORIGIN","x-content-type-options":"nosniff","alt-svc":"h3=\":443\"; ma=2592000,h3-29=\":443\"; ma=2592000,h3-Q050=\":443\"; ma=2592000,h3-Q046=\":443\"; ma=2592000,h3-Q043=\":443\"; ma=2592000","accept-ranges":"none","transfer-encoding":"chunked"}
[debug] [2021-10-21T07:08:48.031Z] >>> HTTP REQUEST PUT https://storage.googleapis.com/gcf-upload-us-central1-7bd64a5e-ca8c-4b48-84a6-a2fdcf7062e9/6efa66ce-247c-46a9-a448-303959a98ad4.zip?GoogleAccessId=service-517223166632@gcf-admin-robot.iam.gserviceaccount.com&Expires=1634801928&Signature=IxGbRD5pOdxGmA8n0qSnzs1Comh1aN5%2BnEpXO4tOBwNOIMWRo39gnL3tXS2yz77aC5LZzF%2BCfm4vAHl7MTL%2BhjjrHvzrUKP3cbtteYDcNzXjOl6sQuIuyIgxQm21BiZVB0%2BpNCzt%2BmywSzX2hDDnu7e9vhU%2B5ipRRjw70VFzWDkqx3fUSuxhO2POp2BNpbN0X5fibqFOHFA4HibRTpR4xS4e9uT1TjX%2BAp%2B8L10QIGsi6X1ENTIrl4KiFub3Ro1MTqTP%2B2fM5DV9FOF5SXFHstTWCkiUYFNZhrjwZDkzaO67LWiyqG32OPDtCztJtl2vl%2BlXqT2iV6I6pZjmtrJ3Aw%3D%3D  
 <request body omitted>
[debug] [2021-10-21T07:08:48.260Z] <<< HTTP RESPONSE 200 {"x-guploader-uploadid":"ADPycdtH9_xRAwTuYnMnAuuhJ-mqkD8vI0YPcHx0_uzqD83GtC0OZk_mU9QpkjZZQX1L8SMY6bqktYRWinuEwJNRVw0UsB7ibg","etag":"\"502241f3b8082a88340aaeaf9e179655\"","x-goog-generation":"1634800129058013","x-goog-metageneration":"1","x-goog-hash":"crc32c=sFCWlA==, md5=UCJB87gIKog0Cq6vnheWVQ==","x-goog-stored-content-length":"26753","x-goog-stored-content-encoding":"identity","vary":"Origin","content-length":"0","date":"Thu, 21 Oct 2021 07:08:49 GMT","server":"UploadServer","content-type":"text/html; charset=UTF-8","alt-svc":"h3=\":443\"; ma=2592000,h3-29=\":443\"; ma=2592000,h3-T051=\":443\"; ma=2592000,h3-Q050=\":443\"; ma=2592000,h3-Q046=\":443\"; ma=2592000,h3-Q043=\":443\"; ma=2592000,quic=\":443\"; ma=2592000; v=\"46,43\""}
[info] +  functions: functions folder uploaded successfully 
[info] i  functions: updating Node.js 14 function sendMail(us-central1)... 
[debug] [2021-10-21T07:08:48.271Z] >>> HTTP REQUEST PATCH https://cloudfunctions.googleapis.com/v1/projects/wesportfolio/locations/us-central1/functions/sendMail {"updateMask":"name,sourceUploadUrl,entryPoint,runtime,httpsTrigger,labels,environmentVariables"} 
 {"name":"projects/wesportfolio/locations/us-central1/functions/sendMail","sourceUploadUrl":"https://storage.googleapis.com/gcf-upload-us-central1-7bd64a5e-ca8c-4b48-84a6-a2fdcf7062e9/6efa66ce-247c-46a9-a448-303959a98ad4.zip?GoogleAccessId=service-517223166632@gcf-admin-robot.iam.gserviceaccount.com&Expires=1634801928&Signature=IxGbRD5pOdxGmA8n0qSnzs1Comh1aN5%2BnEpXO4tOBwNOIMWRo39gnL3tXS2yz77aC5LZzF%2BCfm4vAHl7MTL%2BhjjrHvzrUKP3cbtteYDcNzXjOl6sQuIuyIgxQm21BiZVB0%2BpNCzt%2BmywSzX2hDDnu7e9vhU%2B5ipRRjw70VFzWDkqx3fUSuxhO2POp2BNpbN0X5fibqFOHFA4HibRTpR4xS4e9uT1TjX%2BAp%2B8L10QIGsi6X1ENTIrl4KiFub3Ro1MTqTP%2B2fM5DV9FOF5SXFHstTWCkiUYFNZhrjwZDkzaO67LWiyqG32OPDtCztJtl2vl%2BlXqT2iV6I6pZjmtrJ3Aw%3D%3D","entryPoint":"sendMail","runtime":"nodejs14","httpsTrigger":{},"labels":{"deployment-tool":"cli-firebase"},"environmentVariables":{"FIREBASE_CONFIG":"{\"projectId\":\"wesportfolio\",\"databaseURL\":\"https://wesportfolio.firebaseio.com\",\"storageBucket\":\"wesportfolio.appspot.com\"}","GCLOUD_PROJECT":"wesportfolio"}}
[debug] [2021-10-21T07:08:48.594Z] <<< HTTP RESPONSE 200 {"content-type":"application/json; charset=UTF-8","vary":"X-Origin, Referer, Origin,Accept-Encoding","date":"Thu, 21 Oct 2021 07:08:49 GMT","server":"ESF","cache-control":"private","x-xss-protection":"0","x-frame-options":"SAMEORIGIN","x-content-type-options":"nosniff","alt-svc":"h3=\":443\"; ma=2592000,h3-29=\":443\"; ma=2592000,h3-Q050=\":443\"; ma=2592000,h3-Q046=\":443\"; ma=2592000,h3-Q043=\":443\"; ma=2592000","accept-ranges":"none","transfer-encoding":"chunked"}
[debug] [2021-10-21T07:08:48.598Z] > refreshing access token with scopes: []
[debug] [2021-10-21T07:08:48.599Z] >>> HTTP REQUEST POST https://www.googleapis.com/oauth2/v3/token  
 <request body omitted>
[debug] [2021-10-21T07:08:48.699Z] <<< HTTP RESPONSE 200 {"cache-control":"no-cache, no-store, max-age=0, must-revalidate","expires":"Mon, 01 Jan 1990 00:00:00 GMT","date":"Thu, 21 Oct 2021 07:08:49 GMT","pragma":"no-cache","content-type":"application/json; charset=utf-8","vary":"X-Origin, Referer, Origin,Accept-Encoding","server":"scaffolding on HTTPServer2","x-xss-protection":"0","x-frame-options":"SAMEORIGIN","x-content-type-options":"nosniff","alt-svc":"h3=\":443\"; ma=2592000,h3-29=\":443\"; ma=2592000,h3-T051=\":443\"; ma=2592000,h3-Q050=\":443\"; ma=2592000,h3-Q046=\":443\"; ma=2592000,h3-Q043=\":443\"; ma=2592000,quic=\":443\"; ma=2592000; v=\"46,43\"","accept-ranges":"none","transfer-encoding":"chunked"}
[debug] [2021-10-21T07:08:48.749Z] >>> [apiv2][query] GET https://cloudfunctions.googleapis.com/v1/operations/d2VzcG9ydGZvbGlvL3VzLWNlbnRyYWwxL3NlbmRNYWlsLzJXcGxxUmVIdlRn [none]
[debug] [2021-10-21T07:08:48.882Z] <<< [apiv2][status] GET https://cloudfunctions.googleapis.com/v1/operations/d2VzcG9ydGZvbGlvL3VzLWNlbnRyYWwxL3NlbmRNYWlsLzJXcGxxUmVIdlRn 200
[debug] [2021-10-21T07:08:48.883Z] <<< [apiv2][body] GET https://cloudfunctions.googleapis.com/v1/operations/d2VzcG9ydGZvbGlvL3VzLWNlbnRyYWwxL3NlbmRNYWlsLzJXcGxxUmVIdlRn {"name":"operations/d2VzcG9ydGZvbGlvL3VzLWNlbnRyYWwxL3NlbmRNYWlsLzJXcGxxUmVIdlRn","metadata":{"@type":"type.googleapis.com/google.cloud.functions.v1.OperationMetadataV1","target":"projects/wesportfolio/locations/us-central1/functions/sendMail","type":"UPDATE_FUNCTION","request":{"@type":"type.googleapis.com/google.cloud.functions.v1.CloudFunction","name":"projects/wesportfolio/locations/us-central1/functions/sendMail","httpsTrigger":{},"status":"ACTIVE","entryPoint":"sendMail","timeout":"60s","availableMemoryMb":256,"serviceAccountEmail":"wesportfolio@appspot.gserviceaccount.com","updateTime":"2021-10-21T07:05:38.447Z","versionId":"2","labels":{"deployment-tool":"cli-firebase"},"sourceUploadUrl":"https://storage.googleapis.com/gcf-upload-us-central1-7bd64a5e-ca8c-4b48-84a6-a2fdcf7062e9/6efa66ce-247c-46a9-a448-303959a98ad4.zip?GoogleAccessId=service-517223166632@gcf-admin-robot.iam.gserviceaccount.com&Expires=1634801928&Signature=IxGbRD5pOdxGmA8n0qSnzs1Comh1aN5%2BnEpXO4tOBwNOIMWRo39gnL3tXS2yz77aC5LZzF%2BCfm4vAHl7MTL%2BhjjrHvzrUKP3cbtteYDcNzXjOl6sQuIuyIgxQm21BiZVB0%2BpNCzt%2BmywSzX2hDDnu7e9vhU%2B5ipRRjw70VFzWDkqx3fUSuxhO2POp2BNpbN0X5fibqFOHFA4HibRTpR4xS4e9uT1TjX%2BAp%2B8L10QIGsi6X1ENTIrl4KiFub3Ro1MTqTP%2B2fM5DV9FOF5SXFHstTWCkiUYFNZhrjwZDkzaO67LWiyqG32OPDtCztJtl2vl%2BlXqT2iV6I6pZjmtrJ3Aw%3D%3D","environmentVariables":{"FIREBASE_CONFIG":"{\"projectId\":\"wesportfolio\",\"databaseURL\":\"https://wesportfolio.firebaseio.com\",\"storageBucket\":\"wesportfolio.appspot.com\"}","GCLOUD_PROJECT":"wesportfolio"},"runtime":"nodejs14","ingressSettings":"ALLOW_ALL","buildId":"67caea4c-96db-4883-bddd-86d061e373b2","buildName":"projects/517223166632/locations/us-central1/builds/67caea4c-96db-4883-bddd-86d061e373b2"},"versionId":"3","updateTime":"2021-10-21T07:08:49Z","buildName":"projects/517223166632/locations/us-central1/builds/67caea4c-96db-4883-bddd-86d061e373b2"}}
[debug] [2021-10-21T07:08:49.393Z] [update-projects/wesportfolio/locations/us-central1/functions/sendMail] Retrying task index 0
[debug] [2021-10-21T07:08:49.394Z] >>> [apiv2][query] GET https://cloudfunctions.googleapis.com/v1/operations/d2VzcG9ydGZvbGlvL3VzLWNlbnRyYWwxL3NlbmRNYWlsLzJXcGxxUmVIdlRn [none]
[debug] [2021-10-21T07:08:49.504Z] <<< [apiv2][status] GET https://cloudfunctions.googleapis.com/v1/operations/d2VzcG9ydGZvbGlvL3VzLWNlbnRyYWwxL3NlbmRNYWlsLzJXcGxxUmVIdlRn 200
[debug] [2021-10-21T07:08:49.504Z] <<< [apiv2][body] GET https://cloudfunctions.googleapis.com/v1/operations/d2VzcG9ydGZvbGlvL3VzLWNlbnRyYWwxL3NlbmRNYWlsLzJXcGxxUmVIdlRn {"name":"operations/d2VzcG9ydGZvbGlvL3VzLWNlbnRyYWwxL3NlbmRNYWlsLzJXcGxxUmVIdlRn","metadata":{"@type":"type.googleapis.com/google.cloud.functions.v1.OperationMetadataV1","target":"projects/wesportfolio/locations/us-central1/functions/sendMail","type":"UPDATE_FUNCTION","request":{"@type":"type.googleapis.com/google.cloud.functions.v1.CloudFunction","name":"projects/wesportfolio/locations/us-central1/functions/sendMail","httpsTrigger":{},"status":"ACTIVE","entryPoint":"sendMail","timeout":"60s","availableMemoryMb":256,"serviceAccountEmail":"wesportfolio@appspot.gserviceaccount.com","updateTime":"2021-10-21T07:05:38.447Z","versionId":"2","labels":{"deployment-tool":"cli-firebase"},"sourceUploadUrl":"https://storage.googleapis.com/gcf-upload-us-central1-7bd64a5e-ca8c-4b48-84a6-a2fdcf7062e9/6efa66ce-247c-46a9-a448-303959a98ad4.zip?GoogleAccessId=service-517223166632@gcf-admin-robot.iam.gserviceaccount.com&Expires=1634801928&Signature=IxGbRD5pOdxGmA8n0qSnzs1Comh1aN5%2BnEpXO4tOBwNOIMWRo39gnL3tXS2yz77aC5LZzF%2BCfm4vAHl7MTL%2BhjjrHvzrUKP3cbtteYDcNzXjOl6sQuIuyIgxQm21BiZVB0%2BpNCzt%2BmywSzX2hDDnu7e9vhU%2B5ipRRjw70VFzWDkqx3fUSuxhO2POp2BNpbN0X5fibqFOHFA4HibRTpR4xS4e9uT1TjX%2BAp%2B8L10QIGsi6X1ENTIrl4KiFub3Ro1MTqTP%2B2fM5DV9FOF5SXFHstTWCkiUYFNZhrjwZDkzaO67LWiyqG32OPDtCztJtl2vl%2BlXqT2iV6I6pZjmtrJ3Aw%3D%3D","environmentVariables":{"FIREBASE_CONFIG":"{\"projectId\":\"wesportfolio\",\"databaseURL\":\"https://wesportfolio.firebaseio.com\",\"storageBucket\":\"wesportfolio.appspot.com\"}","GCLOUD_PROJECT":"wesportfolio"},"runtime":"nodejs14","ingressSettings":"ALLOW_ALL","buildId":"67caea4c-96db-4883-bddd-86d061e373b2","buildName":"projects/517223166632/locations/us-central1/builds/67caea4c-96db-4883-bddd-86d061e373b2"},"versionId":"3","updateTime":"2021-10-21T07:08:49Z","buildId":"411356f2-c62a-46c2-8f7c-70b1ffc5b337","buildName":"projects/517223166632/locations/us-central1/builds/411356f2-c62a-46c2-8f7c-70b1ffc5b337"}}
[debug] [2021-10-21T07:08:50.514Z] [update-projects/wesportfolio/locations/us-central1/functions/sendMail] Retrying task index 0
[debug] [2021-10-21T07:08:50.515Z] >>> [apiv2][query] GET https://cloudfunctions.googleapis.com/v1/operations/d2VzcG9ydGZvbGlvL3VzLWNlbnRyYWwxL3NlbmRNYWlsLzJXcGxxUmVIdlRn [none]
[debug] [2021-10-21T07:08:50.617Z] <<< [apiv2][status] GET https://cloudfunctions.googleapis.com/v1/operations/d2VzcG9ydGZvbGlvL3VzLWNlbnRyYWwxL3NlbmRNYWlsLzJXcGxxUmVIdlRn 200
[debug] [2021-10-21T07:08:50.617Z] <<< [apiv2][body] GET https://cloudfunctions.googleapis.com/v1/operations/d2VzcG9ydGZvbGlvL3VzLWNlbnRyYWwxL3NlbmRNYWlsLzJXcGxxUmVIdlRn {"name":"operations/d2VzcG9ydGZvbGlvL3VzLWNlbnRyYWwxL3NlbmRNYWlsLzJXcGxxUmVIdlRn","metadata":{"@type":"type.googleapis.com/google.cloud.functions.v1.OperationMetadataV1","target":"projects/wesportfolio/locations/us-central1/functions/sendMail","type":"UPDATE_FUNCTION","request":{"@type":"type.googleapis.com/google.cloud.functions.v1.CloudFunction","name":"projects/wesportfolio/locations/us-central1/functions/sendMail","httpsTrigger":{},"status":"ACTIVE","entryPoint":"sendMail","timeout":"60s","availableMemoryMb":256,"serviceAccountEmail":"wesportfolio@appspot.gserviceaccount.com","updateTime":"2021-10-21T07:05:38.447Z","versionId":"2","labels":{"deployment-tool":"cli-firebase"},"sourceUploadUrl":"https://storage.googleapis.com/gcf-upload-us-central1-7bd64a5e-ca8c-4b48-84a6-a2fdcf7062e9/6efa66ce-247c-46a9-a448-303959a98ad4.zip?GoogleAccessId=service-517223166632@gcf-admin-robot.iam.gserviceaccount.com&Expires=1634801928&Signature=IxGbRD5pOdxGmA8n0qSnzs1Comh1aN5%2BnEpXO4tOBwNOIMWRo39gnL3tXS2yz77aC5LZzF%2BCfm4vAHl7MTL%2BhjjrHvzrUKP3cbtteYDcNzXjOl6sQuIuyIgxQm21BiZVB0%2BpNCzt%2BmywSzX2hDDnu7e9vhU%2B5ipRRjw70VFzWDkqx3fUSuxhO2POp2BNpbN0X5fibqFOHFA4HibRTpR4xS4e9uT1TjX%2BAp%2B8L10QIGsi6X1ENTIrl4KiFub3Ro1MTqTP%2B2fM5DV9FOF5SXFHstTWCkiUYFNZhrjwZDkzaO67LWiyqG32OPDtCztJtl2vl%2BlXqT2iV6I6pZjmtrJ3Aw%3D%3D","environmentVariables":{"FIREBASE_CONFIG":"{\"projectId\":\"wesportfolio\",\"databaseURL\":\"https://wesportfolio.firebaseio.com\",\"storageBucket\":\"wesportfolio.appspot.com\"}","GCLOUD_PROJECT":"wesportfolio"},"runtime":"nodejs14","ingressSettings":"ALLOW_ALL","buildId":"67caea4c-96db-4883-bddd-86d061e373b2","buildName":"projects/517223166632/locations/us-central1/builds/67caea4c-96db-4883-bddd-86d061e373b2"},"versionId":"3","updateTime":"2021-10-21T07:08:49Z","buildId":"411356f2-c62a-46c2-8f7c-70b1ffc5b337","buildName":"projects/517223166632/locations/us-central1/builds/411356f2-c62a-46c2-8f7c-70b1ffc5b337"}}
[debug] [2021-10-21T07:08:52.621Z] [update-projects/wesportfolio/locations/us-central1/functions/sendMail] Retrying task index 0
[debug] [2021-10-21T07:08:52.622Z] >>> [apiv2][query] GET https://cloudfunctions.googleapis.com/v1/operations/d2VzcG9ydGZvbGlvL3VzLWNlbnRyYWwxL3NlbmRNYWlsLzJXcGxxUmVIdlRn [none]
[debug] [2021-10-21T07:08:52.752Z] <<< [apiv2][status] GET https://cloudfunctions.googleapis.com/v1/operations/d2VzcG9ydGZvbGlvL3VzLWNlbnRyYWwxL3NlbmRNYWlsLzJXcGxxUmVIdlRn 200
[debug] [2021-10-21T07:08:52.752Z] <<< [apiv2][body] GET https://cloudfunctions.googleapis.com/v1/operations/d2VzcG9ydGZvbGlvL3VzLWNlbnRyYWwxL3NlbmRNYWlsLzJXcGxxUmVIdlRn {"name":"operations/d2VzcG9ydGZvbGlvL3VzLWNlbnRyYWwxL3NlbmRNYWlsLzJXcGxxUmVIdlRn","metadata":{"@type":"type.googleapis.com/google.cloud.functions.v1.OperationMetadataV1","target":"projects/wesportfolio/locations/us-central1/functions/sendMail","type":"UPDATE_FUNCTION","request":{"@type":"type.googleapis.com/google.cloud.functions.v1.CloudFunction","name":"projects/wesportfolio/locations/us-central1/functions/sendMail","httpsTrigger":{},"status":"ACTIVE","entryPoint":"sendMail","timeout":"60s","availableMemoryMb":256,"serviceAccountEmail":"wesportfolio@appspot.gserviceaccount.com","updateTime":"2021-10-21T07:05:38.447Z","versionId":"2","labels":{"deployment-tool":"cli-firebase"},"sourceUploadUrl":"https://storage.googleapis.com/gcf-upload-us-central1-7bd64a5e-ca8c-4b48-84a6-a2fdcf7062e9/6efa66ce-247c-46a9-a448-303959a98ad4.zip?GoogleAccessId=service-517223166632@gcf-admin-robot.iam.gserviceaccount.com&Expires=1634801928&Signature=IxGbRD5pOdxGmA8n0qSnzs1Comh1aN5%2BnEpXO4tOBwNOIMWRo39gnL3tXS2yz77aC5LZzF%2BCfm4vAHl7MTL%2BhjjrHvzrUKP3cbtteYDcNzXjOl6sQuIuyIgxQm21BiZVB0%2BpNCzt%2BmywSzX2hDDnu7e9vhU%2B5ipRRjw70VFzWDkqx3fUSuxhO2POp2BNpbN0X5fibqFOHFA4HibRTpR4xS4e9uT1TjX%2BAp%2B8L10QIGsi6X1ENTIrl4KiFub3Ro1MTqTP%2B2fM5DV9FOF5SXFHstTWCkiUYFNZhrjwZDkzaO67LWiyqG32OPDtCztJtl2vl%2BlXqT2iV6I6pZjmtrJ3Aw%3D%3D","environmentVariables":{"FIREBASE_CONFIG":"{\"projectId\":\"wesportfolio\",\"databaseURL\":\"https://wesportfolio.firebaseio.com\",\"storageBucket\":\"wesportfolio.appspot.com\"}","GCLOUD_PROJECT":"wesportfolio"},"runtime":"nodejs14","ingressSettings":"ALLOW_ALL","buildId":"67caea4c-96db-4883-bddd-86d061e373b2","buildName":"projects/517223166632/locations/us-central1/builds/67caea4c-96db-4883-bddd-86d061e373b2"},"versionId":"3","updateTime":"2021-10-21T07:08:49Z","buildId":"411356f2-c62a-46c2-8f7c-70b1ffc5b337","buildName":"projects/517223166632/locations/us-central1/builds/411356f2-c62a-46c2-8f7c-70b1ffc5b337"}}
[debug] [2021-10-21T07:08:56.773Z] [update-projects/wesportfolio/locations/us-central1/functions/sendMail] Retrying task index 0
[debug] [2021-10-21T07:08:56.776Z] >>> [apiv2][query] GET https://cloudfunctions.googleapis.com/v1/operations/d2VzcG9ydGZvbGlvL3VzLWNlbnRyYWwxL3NlbmRNYWlsLzJXcGxxUmVIdlRn [none]
[debug] [2021-10-21T07:08:56.893Z] <<< [apiv2][status] GET https://cloudfunctions.googleapis.com/v1/operations/d2VzcG9ydGZvbGlvL3VzLWNlbnRyYWwxL3NlbmRNYWlsLzJXcGxxUmVIdlRn 200
[debug] [2021-10-21T07:08:56.893Z] <<< [apiv2][body] GET https://cloudfunctions.googleapis.com/v1/operations/d2VzcG9ydGZvbGlvL3VzLWNlbnRyYWwxL3NlbmRNYWlsLzJXcGxxUmVIdlRn {"name":"operations/d2VzcG9ydGZvbGlvL3VzLWNlbnRyYWwxL3NlbmRNYWlsLzJXcGxxUmVIdlRn","metadata":{"@type":"type.googleapis.com/google.cloud.functions.v1.OperationMetadataV1","target":"projects/wesportfolio/locations/us-central1/functions/sendMail","type":"UPDATE_FUNCTION","request":{"@type":"type.googleapis.com/google.cloud.functions.v1.CloudFunction","name":"projects/wesportfolio/locations/us-central1/functions/sendMail","httpsTrigger":{},"status":"ACTIVE","entryPoint":"sendMail","timeout":"60s","availableMemoryMb":256,"serviceAccountEmail":"wesportfolio@appspot.gserviceaccount.com","updateTime":"2021-10-21T07:05:38.447Z","versionId":"2","labels":{"deployment-tool":"cli-firebase"},"sourceUploadUrl":"https://storage.googleapis.com/gcf-upload-us-central1-7bd64a5e-ca8c-4b48-84a6-a2fdcf7062e9/6efa66ce-247c-46a9-a448-303959a98ad4.zip?GoogleAccessId=service-517223166632@gcf-admin-robot.iam.gserviceaccount.com&Expires=1634801928&Signature=IxGbRD5pOdxGmA8n0qSnzs1Comh1aN5%2BnEpXO4tOBwNOIMWRo39gnL3tXS2yz77aC5LZzF%2BCfm4vAHl7MTL%2BhjjrHvzrUKP3cbtteYDcNzXjOl6sQuIuyIgxQm21BiZVB0%2BpNCzt%2BmywSzX2hDDnu7e9vhU%2B5ipRRjw70VFzWDkqx3fUSuxhO2POp2BNpbN0X5fibqFOHFA4HibRTpR4xS4e9uT1TjX%2BAp%2B8L10QIGsi6X1ENTIrl4KiFub3Ro1MTqTP%2B2fM5DV9FOF5SXFHstTWCkiUYFNZhrjwZDkzaO67LWiyqG32OPDtCztJtl2vl%2BlXqT2iV6I6pZjmtrJ3Aw%3D%3D","environmentVariables":{"FIREBASE_CONFIG":"{\"projectId\":\"wesportfolio\",\"databaseURL\":\"https://wesportfolio.firebaseio.com\",\"storageBucket\":\"wesportfolio.appspot.com\"}","GCLOUD_PROJECT":"wesportfolio"},"runtime":"nodejs14","ingressSettings":"ALLOW_ALL","buildId":"67caea4c-96db-4883-bddd-86d061e373b2","buildName":"projects/517223166632/locations/us-central1/builds/67caea4c-96db-4883-bddd-86d061e373b2"},"versionId":"3","updateTime":"2021-10-21T07:08:49Z","buildId":"411356f2-c62a-46c2-8f7c-70b1ffc5b337","buildName":"projects/517223166632/locations/us-central1/builds/411356f2-c62a-46c2-8f7c-70b1ffc5b337"}}
[debug] [2021-10-21T07:09:04.900Z] [update-projects/wesportfolio/locations/us-central1/functions/sendMail] Retrying task index 0
[debug] [2021-10-21T07:09:04.900Z] >>> [apiv2][query] GET https://cloudfunctions.googleapis.com/v1/operations/d2VzcG9ydGZvbGlvL3VzLWNlbnRyYWwxL3NlbmRNYWlsLzJXcGxxUmVIdlRn [none]
[debug] [2021-10-21T07:09:05.032Z] <<< [apiv2][status] GET https://cloudfunctions.googleapis.com/v1/operations/d2VzcG9ydGZvbGlvL3VzLWNlbnRyYWwxL3NlbmRNYWlsLzJXcGxxUmVIdlRn 200
[debug] [2021-10-21T07:09:05.032Z] <<< [apiv2][body] GET https://cloudfunctions.googleapis.com/v1/operations/d2VzcG9ydGZvbGlvL3VzLWNlbnRyYWwxL3NlbmRNYWlsLzJXcGxxUmVIdlRn {"name":"operations/d2VzcG9ydGZvbGlvL3VzLWNlbnRyYWwxL3NlbmRNYWlsLzJXcGxxUmVIdlRn","metadata":{"@type":"type.googleapis.com/google.cloud.functions.v1.OperationMetadataV1","target":"projects/wesportfolio/locations/us-central1/functions/sendMail","type":"UPDATE_FUNCTION","request":{"@type":"type.googleapis.com/google.cloud.functions.v1.CloudFunction","name":"projects/wesportfolio/locations/us-central1/functions/sendMail","httpsTrigger":{},"status":"ACTIVE","entryPoint":"sendMail","timeout":"60s","availableMemoryMb":256,"serviceAccountEmail":"wesportfolio@appspot.gserviceaccount.com","updateTime":"2021-10-21T07:05:38.447Z","versionId":"2","labels":{"deployment-tool":"cli-firebase"},"sourceUploadUrl":"https://storage.googleapis.com/gcf-upload-us-central1-7bd64a5e-ca8c-4b48-84a6-a2fdcf7062e9/6efa66ce-247c-46a9-a448-303959a98ad4.zip?GoogleAccessId=service-517223166632@gcf-admin-robot.iam.gserviceaccount.com&Expires=1634801928&Signature=IxGbRD5pOdxGmA8n0qSnzs1Comh1aN5%2BnEpXO4tOBwNOIMWRo39gnL3tXS2yz77aC5LZzF%2BCfm4vAHl7MTL%2BhjjrHvzrUKP3cbtteYDcNzXjOl6sQuIuyIgxQm21BiZVB0%2BpNCzt%2BmywSzX2hDDnu7e9vhU%2B5ipRRjw70VFzWDkqx3fUSuxhO2POp2BNpbN0X5fibqFOHFA4HibRTpR4xS4e9uT1TjX%2BAp%2B8L10QIGsi6X1ENTIrl4KiFub3Ro1MTqTP%2B2fM5DV9FOF5SXFHstTWCkiUYFNZhrjwZDkzaO67LWiyqG32OPDtCztJtl2vl%2BlXqT2iV6I6pZjmtrJ3Aw%3D%3D","environmentVariables":{"FIREBASE_CONFIG":"{\"projectId\":\"wesportfolio\",\"databaseURL\":\"https://wesportfolio.firebaseio.com\",\"storageBucket\":\"wesportfolio.appspot.com\"}","GCLOUD_PROJECT":"wesportfolio"},"runtime":"nodejs14","ingressSettings":"ALLOW_ALL","buildId":"67caea4c-96db-4883-bddd-86d061e373b2","buildName":"projects/517223166632/locations/us-central1/builds/67caea4c-96db-4883-bddd-86d061e373b2"},"versionId":"3","updateTime":"2021-10-21T07:08:49Z","buildId":"411356f2-c62a-46c2-8f7c-70b1ffc5b337","buildName":"projects/517223166632/locations/us-central1/builds/411356f2-c62a-46c2-8f7c-70b1ffc5b337"}}
[debug] [2021-10-21T07:09:21.033Z] [update-projects/wesportfolio/locations/us-central1/functions/sendMail] Retrying task index 0
[debug] [2021-10-21T07:09:21.034Z] >>> [apiv2][query] GET https://cloudfunctions.googleapis.com/v1/operations/d2VzcG9ydGZvbGlvL3VzLWNlbnRyYWwxL3NlbmRNYWlsLzJXcGxxUmVIdlRn [none]
[debug] [2021-10-21T07:09:21.156Z] <<< [apiv2][status] GET https://cloudfunctions.googleapis.com/v1/operations/d2VzcG9ydGZvbGlvL3VzLWNlbnRyYWwxL3NlbmRNYWlsLzJXcGxxUmVIdlRn 200
[debug] [2021-10-21T07:09:21.156Z] <<< [apiv2][body] GET https://cloudfunctions.googleapis.com/v1/operations/d2VzcG9ydGZvbGlvL3VzLWNlbnRyYWwxL3NlbmRNYWlsLzJXcGxxUmVIdlRn {"name":"operations/d2VzcG9ydGZvbGlvL3VzLWNlbnRyYWwxL3NlbmRNYWlsLzJXcGxxUmVIdlRn","metadata":{"@type":"type.googleapis.com/google.cloud.functions.v1.OperationMetadataV1","target":"projects/wesportfolio/locations/us-central1/functions/sendMail","type":"UPDATE_FUNCTION","request":{"@type":"type.googleapis.com/google.cloud.functions.v1.CloudFunction","name":"projects/wesportfolio/locations/us-central1/functions/sendMail","httpsTrigger":{},"status":"ACTIVE","entryPoint":"sendMail","timeout":"60s","availableMemoryMb":256,"serviceAccountEmail":"wesportfolio@appspot.gserviceaccount.com","updateTime":"2021-10-21T07:05:38.447Z","versionId":"2","labels":{"deployment-tool":"cli-firebase"},"sourceUploadUrl":"https://storage.googleapis.com/gcf-upload-us-central1-7bd64a5e-ca8c-4b48-84a6-a2fdcf7062e9/6efa66ce-247c-46a9-a448-303959a98ad4.zip?GoogleAccessId=service-517223166632@gcf-admin-robot.iam.gserviceaccount.com&Expires=1634801928&Signature=IxGbRD5pOdxGmA8n0qSnzs1Comh1aN5%2BnEpXO4tOBwNOIMWRo39gnL3tXS2yz77aC5LZzF%2BCfm4vAHl7MTL%2BhjjrHvzrUKP3cbtteYDcNzXjOl6sQuIuyIgxQm21BiZVB0%2BpNCzt%2BmywSzX2hDDnu7e9vhU%2B5ipRRjw70VFzWDkqx3fUSuxhO2POp2BNpbN0X5fibqFOHFA4HibRTpR4xS4e9uT1TjX%2BAp%2B8L10QIGsi6X1ENTIrl4KiFub3Ro1MTqTP%2B2fM5DV9FOF5SXFHstTWCkiUYFNZhrjwZDkzaO67LWiyqG32OPDtCztJtl2vl%2BlXqT2iV6I6pZjmtrJ3Aw%3D%3D","environmentVariables":{"FIREBASE_CONFIG":"{\"projectId\":\"wesportfolio\",\"databaseURL\":\"https://wesportfolio.firebaseio.com\",\"storageBucket\":\"wesportfolio.appspot.com\"}","GCLOUD_PROJECT":"wesportfolio"},"runtime":"nodejs14","ingressSettings":"ALLOW_ALL","buildId":"67caea4c-96db-4883-bddd-86d061e373b2","buildName":"projects/517223166632/locations/us-central1/builds/67caea4c-96db-4883-bddd-86d061e373b2"},"versionId":"3","updateTime":"2021-10-21T07:08:49Z","buildId":"411356f2-c62a-46c2-8f7c-70b1ffc5b337","buildName":"projects/517223166632/locations/us-central1/builds/411356f2-c62a-46c2-8f7c-70b1ffc5b337"}}
[debug] [2021-10-21T07:09:53.165Z] [update-projects/wesportfolio/locations/us-central1/functions/sendMail] Retrying task index 0
[debug] [2021-10-21T07:09:53.166Z] >>> [apiv2][query] GET https://cloudfunctions.googleapis.com/v1/operations/d2VzcG9ydGZvbGlvL3VzLWNlbnRyYWwxL3NlbmRNYWlsLzJXcGxxUmVIdlRn [none]
[debug] [2021-10-21T07:09:53.287Z] <<< [apiv2][status] GET https://cloudfunctions.googleapis.com/v1/operations/d2VzcG9ydGZvbGlvL3VzLWNlbnRyYWwxL3NlbmRNYWlsLzJXcGxxUmVIdlRn 200
[debug] [2021-10-21T07:09:53.287Z] <<< [apiv2][body] GET https://cloudfunctions.googleapis.com/v1/operations/d2VzcG9ydGZvbGlvL3VzLWNlbnRyYWwxL3NlbmRNYWlsLzJXcGxxUmVIdlRn {"name":"operations/d2VzcG9ydGZvbGlvL3VzLWNlbnRyYWwxL3NlbmRNYWlsLzJXcGxxUmVIdlRn","metadata":{"@type":"type.googleapis.com/google.cloud.functions.v1.OperationMetadataV1","target":"projects/wesportfolio/locations/us-central1/functions/sendMail","type":"UPDATE_FUNCTION","request":{"@type":"type.googleapis.com/google.cloud.functions.v1.CloudFunction","name":"projects/wesportfolio/locations/us-central1/functions/sendMail","httpsTrigger":{},"status":"ACTIVE","entryPoint":"sendMail","timeout":"60s","availableMemoryMb":256,"serviceAccountEmail":"wesportfolio@appspot.gserviceaccount.com","updateTime":"2021-10-21T07:05:38.447Z","versionId":"2","labels":{"deployment-tool":"cli-firebase"},"sourceUploadUrl":"https://storage.googleapis.com/gcf-upload-us-central1-7bd64a5e-ca8c-4b48-84a6-a2fdcf7062e9/6efa66ce-247c-46a9-a448-303959a98ad4.zip?GoogleAccessId=service-517223166632@gcf-admin-robot.iam.gserviceaccount.com&Expires=1634801928&Signature=IxGbRD5pOdxGmA8n0qSnzs1Comh1aN5%2BnEpXO4tOBwNOIMWRo39gnL3tXS2yz77aC5LZzF%2BCfm4vAHl7MTL%2BhjjrHvzrUKP3cbtteYDcNzXjOl6sQuIuyIgxQm21BiZVB0%2BpNCzt%2BmywSzX2hDDnu7e9vhU%2B5ipRRjw70VFzWDkqx3fUSuxhO2POp2BNpbN0X5fibqFOHFA4HibRTpR4xS4e9uT1TjX%2BAp%2B8L10QIGsi6X1ENTIrl4KiFub3Ro1MTqTP%2B2fM5DV9FOF5SXFHstTWCkiUYFNZhrjwZDkzaO67LWiyqG32OPDtCztJtl2vl%2BlXqT2iV6I6pZjmtrJ3Aw%3D%3D","environmentVariables":{"FIREBASE_CONFIG":"{\"projectId\":\"wesportfolio\",\"databaseURL\":\"https://wesportfolio.firebaseio.com\",\"storageBucket\":\"wesportfolio.appspot.com\"}","GCLOUD_PROJECT":"wesportfolio"},"runtime":"nodejs14","ingressSettings":"ALLOW_ALL","buildId":"67caea4c-96db-4883-bddd-86d061e373b2","buildName":"projects/517223166632/locations/us-central1/builds/67caea4c-96db-4883-bddd-86d061e373b2"},"versionId":"3","updateTime":"2021-10-21T07:08:49Z","buildId":"411356f2-c62a-46c2-8f7c-70b1ffc5b337","buildName":"projects/517223166632/locations/us-central1/builds/411356f2-c62a-46c2-8f7c-70b1ffc5b337"}}
